<?xml version="1.0" encoding="UTF-8"?>
<testng-results ignored="0" total="2" passed="0" failed="2" skipped="0">
  <reporter-output>
  </reporter-output>
  <suite started-at="2024-10-16T10:05:17 CEST" name="Suite" finished-at="2024-10-16T10:06:46 CEST" duration-ms="88858">
    <groups>
    </groups>
    <test started-at="2024-10-16T10:05:17 CEST" name="ChromeTest" finished-at="2024-10-16T10:06:46 CEST" duration-ms="88858">
      <class name="test.AmazonTestNg">
        <test-method is-config="true" signature="openBrowser(java.lang.String)[pri:0, instance:test.AmazonTestNg@1ea9f6af]" started-at="2024-10-16T10:05:17 CEST" name="openBrowser" finished-at="2024-10-16T10:05:39 CEST" duration-ms="22668" status="PASS">
          <params>
            <param index="0">
              <value>
                <![CDATA[Chrome]]>
              </value>
            </param>
          </params>
          <reporter-output>
          </reporter-output>
        </test-method> <!-- openBrowser -->
        <test-method is-config="true" signature="intilasePOM()[pri:0, instance:test.AmazonTestNg@1ea9f6af]" started-at="2024-10-16T10:05:39 CEST" name="intilasePOM" finished-at="2024-10-16T10:05:39 CEST" duration-ms="64" status="PASS">
          <reporter-output>
          </reporter-output>
        </test-method> <!-- intilasePOM -->
        <test-method is-config="true" signature="logInToAmazon()[pri:0, instance:test.AmazonTestNg@1ea9f6af]" started-at="2024-10-16T10:05:39 CEST" name="logInToAmazon" finished-at="2024-10-16T10:05:50 CEST" duration-ms="10498" status="PASS">
          <reporter-output>
          </reporter-output>
        </test-method> <!-- logInToAmazon -->
        <test-method signature="verifyAddToCart()[pri:0, instance:test.AmazonTestNg@1ea9f6af]" started-at="2024-10-16T10:05:50 CEST" name="verifyAddToCart" finished-at="2024-10-16T10:06:15 CEST" duration-ms="25431" status="FAIL">
          <exception class="java.lang.AssertionError">
            <message>
              <![CDATA[expected:<569> but was:<69,900>]]>
            </message>
            <full-stacktrace>
              <![CDATA[java.lang.AssertionError: expected:<569> but was:<69,900>
at org.testng.AssertJUnit.assertEquals(AssertJUnit.java:115)
at org.testng.AssertJUnit.assertEquals(AssertJUnit.java:125)
at test.AmazonTestNg.verifyAddToCart(AmazonTestNg.java:145)
at java.base/jdk.internal.reflect.DirectMethodHandleAccessor.invoke(DirectMethodHandleAccessor.java:103)
at java.base/java.lang.reflect.Method.invoke(Method.java:580)
at org.testng.internal.MethodInvocationHelper.invokeMethod(MethodInvocationHelper.java:133)
at org.testng.internal.TestInvoker.invokeMethod(TestInvoker.java:598)
at org.testng.internal.TestInvoker.invokeTestMethod(TestInvoker.java:173)
at org.testng.internal.MethodRunner.runInSequence(MethodRunner.java:46)
at org.testng.internal.TestInvoker$MethodInvocationAgent.invoke(TestInvoker.java:824)
at org.testng.internal.TestInvoker.invokeTestMethods(TestInvoker.java:146)
at org.testng.internal.TestMethodWorker.invokeTestMethods(TestMethodWorker.java:146)
at org.testng.internal.TestMethodWorker.run(TestMethodWorker.java:128)
at java.base/java.util.ArrayList.forEach(ArrayList.java:1597)
at org.testng.TestRunner.privateRun(TestRunner.java:794)
at org.testng.TestRunner.run(TestRunner.java:596)
at org.testng.SuiteRunner.runTest(SuiteRunner.java:377)
at org.testng.SuiteRunner.runSequentially(SuiteRunner.java:371)
at org.testng.SuiteRunner.privateRun(SuiteRunner.java:332)
at org.testng.SuiteRunner.run(SuiteRunner.java:276)
at org.testng.SuiteRunnerWorker.runSuite(SuiteRunnerWorker.java:53)
at org.testng.SuiteRunnerWorker.run(SuiteRunnerWorker.java:96)
at org.testng.TestNG.runSuitesSequentially(TestNG.java:1212)
at org.testng.TestNG.runSuitesLocally(TestNG.java:1134)
at org.testng.TestNG.runSuites(TestNG.java:1063)
at org.testng.TestNG.run(TestNG.java:1031)
at org.testng.remote.AbstractRemoteTestNG.run(AbstractRemoteTestNG.java:115)
at org.testng.remote.RemoteTestNG.initAndRun(RemoteTestNG.java:293)
at org.testng.remote.RemoteTestNG.main(RemoteTestNG.java:91)
]]>
            </full-stacktrace>
          </exception> <!-- java.lang.AssertionError -->
          <reporter-output>
          </reporter-output>
        </test-method> <!-- verifyAddToCart -->
        <test-method is-config="true" signature="logoutFromAmazon()[pri:0, instance:test.AmazonTestNg@1ea9f6af]" started-at="2024-10-16T10:06:15 CEST" name="logoutFromAmazon" finished-at="2024-10-16T10:06:18 CEST" duration-ms="2178" status="PASS">
          <reporter-output>
          </reporter-output>
        </test-method> <!-- logoutFromAmazon -->
        <test-method is-config="true" signature="logInToAmazon()[pri:0, instance:test.AmazonTestNg@1ea9f6af]" started-at="2024-10-16T10:06:18 CEST" name="logInToAmazon" finished-at="2024-10-16T10:06:27 CEST" duration-ms="9083" status="PASS">
          <reporter-output>
          </reporter-output>
        </test-method> <!-- logInToAmazon -->
        <test-method signature="verifyAddToWishlist()[pri:0, instance:test.AmazonTestNg@1ea9f6af]" started-at="2024-10-16T10:06:27 CEST" name="verifyAddToWishlist" finished-at="2024-10-16T10:06:43 CEST" duration-ms="16677" status="FAIL">
          <exception class="java.lang.AssertionError">
            <message>
              <![CDATA[expected:<75,900.> but was:<75,900>]]>
            </message>
            <full-stacktrace>
              <![CDATA[java.lang.AssertionError: expected:<75,900.> but was:<75,900>
at org.testng.AssertJUnit.assertEquals(AssertJUnit.java:115)
at org.testng.AssertJUnit.assertEquals(AssertJUnit.java:125)
at test.AmazonTestNg.verifyAddToWishlist(AmazonTestNg.java:177)
at java.base/jdk.internal.reflect.DirectMethodHandleAccessor.invoke(DirectMethodHandleAccessor.java:103)
at java.base/java.lang.reflect.Method.invoke(Method.java:580)
at org.testng.internal.MethodInvocationHelper.invokeMethod(MethodInvocationHelper.java:133)
at org.testng.internal.TestInvoker.invokeMethod(TestInvoker.java:598)
at org.testng.internal.TestInvoker.invokeTestMethod(TestInvoker.java:173)
at org.testng.internal.MethodRunner.runInSequence(MethodRunner.java:46)
at org.testng.internal.TestInvoker$MethodInvocationAgent.invoke(TestInvoker.java:824)
at org.testng.internal.TestInvoker.invokeTestMethods(TestInvoker.java:146)
at org.testng.internal.TestMethodWorker.invokeTestMethods(TestMethodWorker.java:146)
at org.testng.internal.TestMethodWorker.run(TestMethodWorker.java:128)
at java.base/java.util.ArrayList.forEach(ArrayList.java:1597)
at org.testng.TestRunner.privateRun(TestRunner.java:794)
at org.testng.TestRunner.run(TestRunner.java:596)
at org.testng.SuiteRunner.runTest(SuiteRunner.java:377)
at org.testng.SuiteRunner.runSequentially(SuiteRunner.java:371)
at org.testng.SuiteRunner.privateRun(SuiteRunner.java:332)
at org.testng.SuiteRunner.run(SuiteRunner.java:276)
at org.testng.SuiteRunnerWorker.runSuite(SuiteRunnerWorker.java:53)
at org.testng.SuiteRunnerWorker.run(SuiteRunnerWorker.java:96)
at org.testng.TestNG.runSuitesSequentially(TestNG.java:1212)
at org.testng.TestNG.runSuitesLocally(TestNG.java:1134)
at org.testng.TestNG.runSuites(TestNG.java:1063)
at org.testng.TestNG.run(TestNG.java:1031)
at org.testng.remote.AbstractRemoteTestNG.run(AbstractRemoteTestNG.java:115)
at org.testng.remote.RemoteTestNG.initAndRun(RemoteTestNG.java:293)
at org.testng.remote.RemoteTestNG.main(RemoteTestNG.java:91)
]]>
            </full-stacktrace>
          </exception> <!-- java.lang.AssertionError -->
          <reporter-output>
          </reporter-output>
        </test-method> <!-- verifyAddToWishlist -->
        <test-method is-config="true" signature="logoutFromAmazon()[pri:0, instance:test.AmazonTestNg@1ea9f6af]" started-at="2024-10-16T10:06:43 CEST" name="logoutFromAmazon" finished-at="2024-10-16T10:06:44 CEST" duration-ms="971" status="PASS">
          <reporter-output>
          </reporter-output>
        </test-method> <!-- logoutFromAmazon -->
        <test-method is-config="true" signature="closeBrower()[pri:0, instance:test.AmazonTestNg@1ea9f6af]" started-at="2024-10-16T10:06:44 CEST" name="closeBrower" finished-at="2024-10-16T10:06:46 CEST" duration-ms="1197" status="PASS">
          <reporter-output>
          </reporter-output>
        </test-method> <!-- closeBrower -->
      </class> <!-- test.AmazonTestNg -->
    </test> <!-- ChromeTest -->
  </suite> <!-- Suite -->
</testng-results>
