<?xml version="1.0" encoding="UTF-8"?>
<!-- Generated by org.testng.reporters.JUnitXMLReporter -->
<testsuite ignored="0" hostname="Shyam-Air" failures="2" tests="2" name="ChromeTest" time="88.858" errors="0" timestamp="2024-10-16T10:06:46 CEST">
  <testcase classname="test.AmazonTestNg" name="verifyAddToCart" time="25.431">
    <failure type="java.lang.AssertionError" message="expected:&amp;lt;569&amp;gt; but was:&amp;lt;69,900&amp;gt;">
      <![CDATA[java.lang.AssertionError: expected:<569> but was:<69,900>
at test.AmazonTestNg.verifyAddToCart(AmazonTestNg.java:145)
at java.base/java.util.ArrayList.forEach(ArrayList.java:1597)
... Removed 27 stack frames]]>
    </failure>
  </testcase> <!-- verifyAddToCart -->
  <testcase classname="test.AmazonTestNg" name="verifyAddToWishlist" time="16.677">
    <failure type="java.lang.AssertionError" message="expected:&amp;lt;75,900.&amp;gt; but was:&amp;lt;75,900&amp;gt;">
      <![CDATA[java.lang.AssertionError: expected:<75,900.> but was:<75,900>
at test.AmazonTestNg.verifyAddToWishlist(AmazonTestNg.java:177)
at java.base/java.util.ArrayList.forEach(ArrayList.java:1597)
... Removed 27 stack frames]]>
    </failure>
  </testcase> <!-- verifyAddToWishlist -->
</testsuite> <!-- ChromeTest -->
