<?xml version="1.0" encoding="UTF-8"?>
<!-- Generated by org.testng.reporters.JUnitXMLReporter -->
<testsuite ignored="1" hostname="Shyam-Air" failures="2" tests="4" name="Test" time="191.186" errors="0" timestamp="2024-10-09T13:33:13 CEST">
  <testcase classname="test.AmazonTestNg" name="verifyAddToCart" time="63.411">
    <failure type="java.lang.AssertionError" message="expected:&amp;lt;360&amp;gt; but was:&amp;lt;42,999&amp;gt;">
      <![CDATA[java.lang.AssertionError: expected:<360> but was:<42,999>
at test.AmazonTestNg.verifyAddToCart(AmazonTestNg.java:111)
at java.base/java.util.ArrayList.forEach(ArrayList.java:1597)
... Removed 27 stack frames]]>
    </failure>
  </testcase> <!-- verifyAddToCart -->
  <testcase classname="test.AmazonTestNg" name="verifyAddToWishlist" time="30.051">
    <failure type="java.lang.AssertionError" message="expected:&amp;lt;42,999.&amp;gt; but was:&amp;lt;42,999&amp;gt;">
      <![CDATA[java.lang.AssertionError: expected:<42,999.> but was:<42,999>
at test.AmazonTestNg.verifyAddToWishlist(AmazonTestNg.java:143)
at java.base/java.util.ArrayList.forEach(ArrayList.java:1597)
... Removed 27 stack frames]]>
    </failure>
  </testcase> <!-- verifyAddToWishlist -->
  <testcase classname="test.AmazonTestNg2" name="verifyCancelOrder" time="15.659"/>
  <testcase classname="test.AmazonTestNg2" name="verifyLoginFun" time="3.143"/>
  <testcase classname="test.AmazonTestNg2" name="verifySubmitReview" time="0.0">
    <ignored/>
  </testcase> <!-- verifySubmitReview -->
</testsuite> <!-- Test -->
